[0.221s] DEBUG:colcon:Command line arguments: ['/usr/bin/colcon', 'list', '-p', '--base-paths', '/home/jimkelly/dev_ws']
[0.221s] DEBUG:colcon:Parsed command line arguments: Namespace(log_base=None, log_level=None, verb_name='list', build_base='build', ignore_user_meta=False, metas=['./colcon.meta'], base_paths=['/home/jimkelly/dev_ws'], packages_ignore=None, packages_ignore_regex=None, paths=None, packages_up_to=None, packages_up_to_regex=None, packages_above=None, packages_above_and_dependencies=None, packages_above_depth=None, packages_select_by_dep=None, packages_skip_by_dep=None, packages_skip_up_to=None, packages_select_build_failed=False, packages_skip_build_finished=False, packages_select_test_failures=False, packages_skip_test_passed=False, packages_select=None, packages_skip=None, packages_select_regex=None, packages_skip_regex=None, packages_start=None, packages_end=None, allow_overriding=[], topological_order=False, names_only=False, paths_only=True, topological_graph=False, topological_graph_dot=False, topological_graph_density=False, topological_graph_legend=False, topological_graph_dot_cluster=False, topological_graph_dot_include_skipped=False, verb_parser=<colcon_defaults.argument_parser.defaults.DefaultArgumentsDecorator object at 0x753391121280>, verb_extension=<colcon_package_information.verb.list.ListVerb object at 0x753391120770>, main=<bound method ListVerb.main of <colcon_package_information.verb.list.ListVerb object at 0x753391120770>>)
[0.301s] Level 1:colcon.colcon_core.package_discovery:discover_packages(colcon_meta) check parameters
[0.302s] Level 1:colcon.colcon_core.package_discovery:discover_packages(recursive) check parameters
[0.302s] Level 1:colcon.colcon_core.package_discovery:discover_packages(ignore) check parameters
[0.302s] Level 1:colcon.colcon_core.package_discovery:discover_packages(path) check parameters
[0.302s] Level 1:colcon.colcon_core.package_discovery:discover_packages(recursive) discover
[0.302s] INFO:colcon.colcon_core.package_discovery:Crawling recursively for packages in '/home/jimkelly/dev_ws'
[0.302s] Level 1:colcon.colcon_core.package_identification:_identify(/home/jimkelly/dev_ws) by extensions ['ignore', 'ignore_ament_install']
[0.302s] Level 1:colcon.colcon_core.package_identification:_identify(/home/jimkelly/dev_ws) by extension 'ignore'
[0.302s] Level 1:colcon.colcon_core.package_identification:_identify(/home/jimkelly/dev_ws) by extension 'ignore_ament_install'
[0.303s] Level 1:colcon.colcon_core.package_identification:_identify(/home/jimkelly/dev_ws) by extensions ['colcon_pkg']
[0.303s] Level 1:colcon.colcon_core.package_identification:_identify(/home/jimkelly/dev_ws) by extension 'colcon_pkg'
[0.303s] Level 1:colcon.colcon_core.package_identification:_identify(/home/jimkelly/dev_ws) by extensions ['colcon_meta']
[0.303s] Level 1:colcon.colcon_core.package_identification:_identify(/home/jimkelly/dev_ws) by extension 'colcon_meta'
[0.303s] Level 1:colcon.colcon_core.package_identification:_identify(/home/jimkelly/dev_ws) by extensions ['ros']
[0.303s] Level 1:colcon.colcon_core.package_identification:_identify(/home/jimkelly/dev_ws) by extension 'ros'
[0.365s] Level 1:colcon.colcon_core.package_identification:_identify(/home/jimkelly/dev_ws) by extensions ['cmake', 'python']
[0.365s] Level 1:colcon.colcon_core.package_identification:_identify(/home/jimkelly/dev_ws) by extension 'cmake'
[0.365s] Level 1:colcon.colcon_core.package_identification:_identify(/home/jimkelly/dev_ws) by extension 'python'
[0.365s] Level 1:colcon.colcon_core.package_identification:_identify(/home/jimkelly/dev_ws) by extensions ['python_setup_py']
[0.365s] Level 1:colcon.colcon_core.package_identification:_identify(/home/jimkelly/dev_ws) by extension 'python_setup_py'
[0.366s] Level 1:colcon.colcon_core.package_identification:_identify(/home/jimkelly/dev_ws/build) by extensions ['ignore', 'ignore_ament_install']
[0.366s] Level 1:colcon.colcon_core.package_identification:_identify(/home/jimkelly/dev_ws/build) by extension 'ignore'
[0.366s] Level 1:colcon.colcon_core.package_identification:_identify(/home/jimkelly/dev_ws/build) ignored
[0.366s] Level 1:colcon.colcon_core.package_identification:_identify(/home/jimkelly/dev_ws/install) by extensions ['ignore', 'ignore_ament_install']
[0.366s] Level 1:colcon.colcon_core.package_identification:_identify(/home/jimkelly/dev_ws/install) by extension 'ignore'
[0.367s] Level 1:colcon.colcon_core.package_identification:_identify(/home/jimkelly/dev_ws/install) ignored
[0.367s] Level 1:colcon.colcon_core.package_identification:_identify(/home/jimkelly/dev_ws/log) by extensions ['ignore', 'ignore_ament_install']
[0.367s] Level 1:colcon.colcon_core.package_identification:_identify(/home/jimkelly/dev_ws/log) by extension 'ignore'
[0.367s] Level 1:colcon.colcon_core.package_identification:_identify(/home/jimkelly/dev_ws/log) ignored
[0.367s] Level 1:colcon.colcon_core.package_identification:_identify(/home/jimkelly/dev_ws/src) by extensions ['ignore', 'ignore_ament_install']
[0.367s] Level 1:colcon.colcon_core.package_identification:_identify(/home/jimkelly/dev_ws/src) by extension 'ignore'
[0.368s] Level 1:colcon.colcon_core.package_identification:_identify(/home/jimkelly/dev_ws/src) by extension 'ignore_ament_install'
[0.368s] Level 1:colcon.colcon_core.package_identification:_identify(/home/jimkelly/dev_ws/src) by extensions ['colcon_pkg']
[0.368s] Level 1:colcon.colcon_core.package_identification:_identify(/home/jimkelly/dev_ws/src) by extension 'colcon_pkg'
[0.368s] Level 1:colcon.colcon_core.package_identification:_identify(/home/jimkelly/dev_ws/src) by extensions ['colcon_meta']
[0.368s] Level 1:colcon.colcon_core.package_identification:_identify(/home/jimkelly/dev_ws/src) by extension 'colcon_meta'
[0.368s] Level 1:colcon.colcon_core.package_identification:_identify(/home/jimkelly/dev_ws/src) by extensions ['ros']
[0.368s] Level 1:colcon.colcon_core.package_identification:_identify(/home/jimkelly/dev_ws/src) by extension 'ros'
[0.368s] Level 1:colcon.colcon_core.package_identification:_identify(/home/jimkelly/dev_ws/src) by extensions ['cmake', 'python']
[0.368s] Level 1:colcon.colcon_core.package_identification:_identify(/home/jimkelly/dev_ws/src) by extension 'cmake'
[0.369s] Level 1:colcon.colcon_core.package_identification:_identify(/home/jimkelly/dev_ws/src) by extension 'python'
[0.369s] Level 1:colcon.colcon_core.package_identification:_identify(/home/jimkelly/dev_ws/src) by extensions ['python_setup_py']
[0.369s] Level 1:colcon.colcon_core.package_identification:_identify(/home/jimkelly/dev_ws/src) by extension 'python_setup_py'
[0.369s] Level 1:colcon.colcon_core.package_identification:_identify(/home/jimkelly/dev_ws/src/my_package) by extensions ['ignore', 'ignore_ament_install']
[0.369s] Level 1:colcon.colcon_core.package_identification:_identify(/home/jimkelly/dev_ws/src/my_package) by extension 'ignore'
[0.369s] Level 1:colcon.colcon_core.package_identification:_identify(/home/jimkelly/dev_ws/src/my_package) by extension 'ignore_ament_install'
[0.369s] Level 1:colcon.colcon_core.package_identification:_identify(/home/jimkelly/dev_ws/src/my_package) by extensions ['colcon_pkg']
[0.370s] Level 1:colcon.colcon_core.package_identification:_identify(/home/jimkelly/dev_ws/src/my_package) by extension 'colcon_pkg'
[0.370s] Level 1:colcon.colcon_core.package_identification:_identify(/home/jimkelly/dev_ws/src/my_package) by extensions ['colcon_meta']
[0.370s] Level 1:colcon.colcon_core.package_identification:_identify(/home/jimkelly/dev_ws/src/my_package) by extension 'colcon_meta'
[0.370s] Level 1:colcon.colcon_core.package_identification:_identify(/home/jimkelly/dev_ws/src/my_package) by extensions ['ros']
[0.370s] Level 1:colcon.colcon_core.package_identification:_identify(/home/jimkelly/dev_ws/src/my_package) by extension 'ros'
[0.375s] DEBUG:colcon.colcon_core.package_identification:Package '/home/jimkelly/dev_ws/src/my_package' with type 'ros.ament_cmake' and name 'my_package'
[0.375s] Level 1:colcon.colcon_core.package_discovery:discover_packages(recursive) using defaults
