[0.010s] Invoking command in '/home/jimkelly/dev_ws/build/my_package': CMAKE_PREFIX_PATH=${CMAKE_PREFIX_PATH}:/opt/ros/jazzy DEBUGINFOD_URLS=https://debuginfod.ubuntu.com /usr/bin/cmake /home/jimkelly/dev_ws/src/my_package -DAMENT_CMAKE_SYMLINK_INSTALL=1 -DCMAKE_INSTALL_PREFIX=/home/jimkelly/dev_ws/install/my_package
[0.101s] -- The C compiler identification is GNU 13.2.0
[0.222s] -- The CXX compiler identification is GNU 13.2.0
[0.243s] -- Detecting C compiler ABI info
[0.341s] -- Detecting C compiler ABI info - done
[0.351s] -- Check for working C compiler: /usr/bin/cc - skipped
[0.352s] -- Detecting C compile features
[0.352s] -- Detecting C compile features - done
[0.361s] -- Detecting CXX compiler ABI info
[0.464s] -- Detecting CXX compiler ABI info - done
[0.475s] -- Check for working CXX compiler: /usr/bin/c++ - skipped
[0.475s] -- Detecting CXX compile features
[0.476s] -- Detecting CXX compile features - done
[0.490s] -- Found ament_cmake: 2.5.2 (/opt/ros/jazzy/share/ament_cmake/cmake)
[0.648s] -- Found Python3: /usr/bin/python3 (found version "3.12.3") found components: Interpreter 
[0.729s] -- Override CMake install command with custom implementation using symlinks instead of copying resources
[0.782s] -- Found ament_lint_auto: 0.17.1 (/opt/ros/jazzy/share/ament_lint_auto/cmake)
[0.911s] -- Added test 'flake8' to check Python code syntax and style conventions
[0.911s] -- Configured 'flake8' exclude dirs and/or files: 
[0.912s] -- Added test 'lint_cmake' to check CMake code style
[0.913s] -- Added test 'pep257' to check Python code against some of the docstring style conventions in PEP 257
[0.914s] -- Added test 'xmllint' to check XML markup files
[0.917s] -- Configuring done (0.9s)
[0.919s] -- Generating done (0.0s)
[0.920s] -- Build files have been written to: /home/jimkelly/dev_ws/build/my_package
[0.925s] Invoked command in '/home/jimkelly/dev_ws/build/my_package' returned '0': CMAKE_PREFIX_PATH=${CMAKE_PREFIX_PATH}:/opt/ros/jazzy DEBUGINFOD_URLS=https://debuginfod.ubuntu.com /usr/bin/cmake /home/jimkelly/dev_ws/src/my_package -DAMENT_CMAKE_SYMLINK_INSTALL=1 -DCMAKE_INSTALL_PREFIX=/home/jimkelly/dev_ws/install/my_package
[0.926s] Invoking command in '/home/jimkelly/dev_ws/build/my_package': CMAKE_PREFIX_PATH=${CMAKE_PREFIX_PATH}:/opt/ros/jazzy DEBUGINFOD_URLS=https://debuginfod.ubuntu.com /usr/bin/cmake --build /home/jimkelly/dev_ws/build/my_package -- -j8 -l8
[0.964s] Invoked command in '/home/jimkelly/dev_ws/build/my_package' returned '0': CMAKE_PREFIX_PATH=${CMAKE_PREFIX_PATH}:/opt/ros/jazzy DEBUGINFOD_URLS=https://debuginfod.ubuntu.com /usr/bin/cmake --build /home/jimkelly/dev_ws/build/my_package -- -j8 -l8
[0.993s] Invoking command in '/home/jimkelly/dev_ws/build/my_package': CMAKE_PREFIX_PATH=${CMAKE_PREFIX_PATH}:/opt/ros/jazzy DEBUGINFOD_URLS=https://debuginfod.ubuntu.com /usr/bin/cmake --install /home/jimkelly/dev_ws/build/my_package
[1.001s] -- Install configuration: ""
[1.001s] -- Execute custom install script
[1.001s] -- Symlinking: /home/jimkelly/dev_ws/install/my_package/share/ament_index/resource_index/package_run_dependencies/my_package
[1.014s] -- Symlinking: /home/jimkelly/dev_ws/install/my_package/share/ament_index/resource_index/parent_prefix_path/my_package
[1.022s] -- Symlinking: /home/jimkelly/dev_ws/install/my_package/share/my_package/environment/ament_prefix_path.sh
[1.031s] -- Symlinking: /home/jimkelly/dev_ws/install/my_package/share/my_package/environment/ament_prefix_path.dsv
[1.040s] -- Symlinking: /home/jimkelly/dev_ws/install/my_package/share/my_package/environment/path.sh
[1.049s] -- Symlinking: /home/jimkelly/dev_ws/install/my_package/share/my_package/environment/path.dsv
[1.058s] -- Symlinking: /home/jimkelly/dev_ws/install/my_package/share/my_package/local_setup.bash
[1.066s] -- Symlinking: /home/jimkelly/dev_ws/install/my_package/share/my_package/local_setup.sh
[1.075s] -- Symlinking: /home/jimkelly/dev_ws/install/my_package/share/my_package/local_setup.zsh
[1.084s] -- Symlinking: /home/jimkelly/dev_ws/install/my_package/share/my_package/local_setup.dsv
[1.093s] -- Symlinking: /home/jimkelly/dev_ws/install/my_package/share/my_package/package.dsv
[1.103s] -- Symlinking: /home/jimkelly/dev_ws/install/my_package/share/ament_index/resource_index/packages/my_package
[1.114s] -- Symlinking: /home/jimkelly/dev_ws/install/my_package/share/my_package/cmake/my_packageConfig.cmake
[1.123s] -- Symlinking: /home/jimkelly/dev_ws/install/my_package/share/my_package/cmake/my_packageConfig-version.cmake
[1.131s] -- Symlinking: /home/jimkelly/dev_ws/install/my_package/share/my_package/package.xml
[1.141s] Invoked command in '/home/jimkelly/dev_ws/build/my_package' returned '0': CMAKE_PREFIX_PATH=${CMAKE_PREFIX_PATH}:/opt/ros/jazzy DEBUGINFOD_URLS=https://debuginfod.ubuntu.com /usr/bin/cmake --install /home/jimkelly/dev_ws/build/my_package
